{
  "RSpec": {
    "coverage": {
      "/home/darina/codebreaker/lib/game.rb": [
        1,
        1,
        null,
        1,
        1,
        1,
        null,
        1,
        1,
        null,
        1,
        20,
        20,
        20,
        null,
        20,
        null,
        null,
        null,
        null,
        null,
        1,
        3,
        3,
        3,
        null,
        null,
        1,
        2,
        null,
        null,
        1,
        4,
        null,
        3,
        3,
        3,
        null,
        null,
        1,
        100,
        null,
        null
      ],
      "/home/darina/codebreaker/lib/validations.rb": [
        1,
        1,
        4,
        null,
        null,
        1,
        2,
        null,
        null,
        1,
        11,
        0,
        null,
        11,
        null,
        null,
        null
      ],
      "/home/darina/codebreaker/lib/comparing.rb": [
        1,
        1,
        11,
        11,
        11,
        11,
        11,
        44,
        176,
        null,
        17,
        17,
        17,
        null,
        44,
        176,
        22,
        null,
        9,
        9,
        null,
        null,
        11,
        null,
        null
      ],
      "/home/darina/codebreaker/lib/file_manager.rb": [
        1,
        1,
        2,
        2,
        2,
        null,
        0,
        0,
        0,
        null,
        null,
        1,
        0,
        0,
        0,
        0,
        0,
        null,
        null,
        null
      ],
      "/home/darina/codebreaker/lib/codebreaker.rb": [
        1,
        1,
        1,
        null,
        1,
        null,
        null
      ],
      "/home/darina/codebreaker/lib/game_console.rb": [
        1,
        1,
        1,
        null,
        1,
        1,
        1,
        null,
        1,
        1,
        null,
        1,
        1,
        1,
        1,
        1,
        null,
        null,
        1,
        9,
        12,
        12,
        12,
        null,
        1,
        1,
        null,
        1,
        null,
        1,
        null,
        8,
        null,
        1,
        null,
        null,
        null,
        null,
        1,
        1,
        1,
        null,
        null,
        1,
        4,
        4,
        4,
        4,
        4,
        1,
        1,
        1,
        null,
        null,
        3,
        null,
        null,
        1,
        4,
        null,
        1,
        null,
        1,
        null,
        2,
        1,
        null,
        1,
        null,
        null,
        null,
        null,
        1,
        9,
        9,
        null,
        null,
        1,
        0,
        null,
        null,
        1,
        5,
        2,
        2,
        null,
        3,
        3,
        null,
        5,
        null,
        null,
        1,
        4,
        4,
        4,
        4,
        4,
        3,
        3,
        3,
        null,
        1,
        null,
        null,
        0,
        null,
        null,
        4,
        null,
        null,
        1,
        5,
        5,
        null,
        5,
        5,
        null,
        1,
        1,
        null,
        1,
        1,
        null,
        1,
        1,
        null,
        1,
        1,
        null,
        1,
        null,
        null,
        null,
        null,
        1,
        2,
        2,
        null,
        null
      ]
    },
    "timestamp": 1562660421
  }
}
